2016-11-08 20:29:10,320 CRIT Supervisor running as root (no user in config file)
2016-11-08 20:29:10,329 INFO supervisord started with pid 5
2016-11-08 20:29:11,334 INFO spawned: 'nginx' with pid 8
2016-11-08 20:29:11,344 INFO spawned: 'gunicorn' with pid 9
2016-11-08 20:29:12,658 INFO success: nginx entered RUNNING state, process has stayed up for > than 1 seconds (startsecs)
2016-11-08 20:29:12,658 INFO success: gunicorn entered RUNNING state, process has stayed up for > than 1 seconds (startsecs)
2016-11-08 20:46:57,669 CRIT Supervisor running as root (no user in config file)
2016-11-08 20:46:57,677 INFO supervisord started with pid 6
2016-11-08 20:46:58,685 INFO spawned: 'nginx' with pid 9
2016-11-08 20:46:58,690 INFO spawned: 'gunicorn' with pid 10
2016-11-08 20:46:59,930 INFO success: nginx entered RUNNING state, process has stayed up for > than 1 seconds (startsecs)
2016-11-08 20:46:59,931 INFO success: gunicorn entered RUNNING state, process has stayed up for > than 1 seconds (startsecs)
2016-11-08 20:53:53,277 CRIT Supervisor running as root (no user in config file)
2016-11-08 20:53:53,281 INFO supervisord started with pid 5
2016-11-08 20:53:54,290 INFO spawned: 'nginx' with pid 8
2016-11-08 20:53:54,296 INFO spawned: 'gunicorn' with pid 9
2016-11-08 20:53:55,500 INFO success: nginx entered RUNNING state, process has stayed up for > than 1 seconds (startsecs)
2016-11-08 20:53:55,501 INFO success: gunicorn entered RUNNING state, process has stayed up for > than 1 seconds (startsecs)
2016-11-08 20:58:56,222 CRIT Supervisor running as root (no user in config file)
2016-11-08 20:58:56,226 INFO supervisord started with pid 5
2016-11-08 20:58:57,233 INFO spawned: 'nginx' with pid 8
2016-11-08 20:58:57,239 INFO spawned: 'gunicorn' with pid 9
2016-11-08 20:58:58,459 INFO success: nginx entered RUNNING state, process has stayed up for > than 1 seconds (startsecs)
2016-11-08 20:58:58,460 INFO success: gunicorn entered RUNNING state, process has stayed up for > than 1 seconds (startsecs)
